<?xml version="1.0" encoding="UTF-8"?>
<coverage generated="1690554660796" clover="3.2.0">
  <project timestamp="1690554660796" name="All files">
    <metrics statements="20" coveredstatements="18" conditionals="4" coveredconditionals="4" methods="7" coveredmethods="6" elements="31" coveredelements="28" complexity="0" loc="20" ncloc="20" packages="1" files="1" classes="1"/>
    <file name="taskFunction.js" path="C:\Users\THIERRY\awesome-project\todo-list-1\src\module\taskFunction.js">
      <metrics statements="20" coveredstatements="18" conditionals="4" coveredconditionals="4" methods="7" coveredmethods="6"/>
      <line num="1" count="1" type="cond" truecount="2" falsecount="0"/>
      <line num="3" count="1" type="stmt"/>
      <line num="4" count="2" type="stmt"/>
      <line num="7" count="1" type="stmt"/>
      <line num="8" count="1" type="stmt"/>
      <line num="9" count="1" type="stmt"/>
      <line num="13" count="1" type="stmt"/>
      <line num="14" count="1" type="stmt"/>
      <line num="15" count="1" type="stmt"/>
      <line num="16" count="1" type="stmt"/>
      <line num="18" count="1" type="stmt"/>
      <line num="19" count="1" type="stmt"/>
      <line num="22" count="1" type="stmt"/>
      <line num="23" count="0" type="stmt"/>
      <line num="24" count="0" type="stmt"/>
      <line num="27" count="1" type="stmt"/>
      <line num="28" count="2" type="cond" truecount="2" falsecount="0"/>
      <line num="29" count="1" type="stmt"/>
      <line num="34" count="1" type="stmt"/>
      <line num="35" count="1" type="stmt"/>
    </file>
  </project>
</coverage>
